Fri 17 Mar 2023 06:14:45 PM UTC: 
 exercises.c | 51 ++++++++++++++++++++++++++++++++++++++++++++++++---
 1 file changed, 48 insertions(+), 3 deletions(-)
In file included from test.c:5:
exercises.c: In function ‘asignarValor’:
exercises.c:112:16: error: invalid type argument of unary ‘*’ (have ‘int’)
  112 |   v[i].datos = *valor;
      |                ^~~~~~
exercises.c:111:8: error: unused variable ‘ptrValor’ [-Werror=unused-variable]
  111 |   int *ptrValor = &valor;
      |        ^~~~~~~~
exercises.c: In function ‘crearPersona’:
exercises.c:75:3: error: ignoring return value of ‘scanf’ declared with attribute ‘warn_unused_result’ [-Werror=unused-result]
   75 |   scanf("%29[^\n]s", p->nombre);
      |   ^~~~~~~~~~~~~~~~~~~~~~~~~~~~~
exercises.c:77:3: error: ignoring return value of ‘scanf’ declared with attribute ‘warn_unused_result’ [-Werror=unused-result]
   77 |   scanf("%10[^\n]s", p->rut);
      |   ^~~~~~~~~~~~~~~~~~~~~~~~~~
exercises.c:79:3: error: ignoring return value of ‘scanf’ declared with attribute ‘warn_unused_result’ [-Werror=unused-result]
   79 |   scanf("%u", &p->edad);
      |   ^~~~~~~~~~~~~~~~~~~~~
cc1: all warnings being treated as errors
Compilation failed
d47c372
Fri 17 Mar 2023 06:16:39 PM UTC: 
 exercises.c | 2 +-
 1 file changed, 1 insertion(+), 1 deletion(-)
In file included from test.c:5:
exercises.c: In function ‘crearPersona’:
exercises.c:75:3: error: ignoring return value of ‘scanf’ declared with attribute ‘warn_unused_result’ [-Werror=unused-result]
   75 |   scanf("%29[^\n]s", p->nombre);
      |   ^~~~~~~~~~~~~~~~~~~~~~~~~~~~~
exercises.c:77:3: error: ignoring return value of ‘scanf’ declared with attribute ‘warn_unused_result’ [-Werror=unused-result]
   77 |   scanf("%10[^\n]s", p->rut);
      |   ^~~~~~~~~~~~~~~~~~~~~~~~~~
exercises.c:79:3: error: ignoring return value of ‘scanf’ declared with attribute ‘warn_unused_result’ [-Werror=unused-result]
   79 |   scanf("%u", &p->edad);
      |   ^~~~~~~~~~~~~~~~~~~~~
cc1: all warnings being treated as errors
Compilation failed
689f7a4
Fri 17 Mar 2023 06:19:32 PM UTC: 
 exercises.c | 9 ++++++---
 1 file changed, 6 insertions(+), 3 deletions(-)
In file included from test.c:5:
exercises.c: In function ‘crearPersona’:
exercises.c:76:3: error: ignoring return value of ‘scanf’ declared with attribute ‘warn_unused_result’ [-Werror=unused-result]
   76 |   scanf("%29[^\n]s", tempnombre);
      |   ^~~~~~~~~~~~~~~~~~~~~~~~~~~~~~
exercises.c:79:3: error: ignoring return value of ‘scanf’ declared with attribute ‘warn_unused_result’ [-Werror=unused-result]
   79 |   scanf("%10[^\n]s", temprut);
      |   ^~~~~~~~~~~~~~~~~~~~~~~~~~~
exercises.c:82:3: error: ignoring return value of ‘scanf’ declared with attribute ‘warn_unused_result’ [-Werror=unused-result]
   82 |   scanf("%u", &p->edad);
      |   ^~~~~~~~~~~~~~~~~~~~~
cc1: all warnings being treated as errors
Compilation failed
6c8c4c8
Fri 17 Mar 2023 06:21:23 PM UTC: 
 exercises.c | 2 +-
 1 file changed, 1 insertion(+), 1 deletion(-)
In file included from test.c:5:
exercises.c: In function ‘crearPersona’:
exercises.c:82:11: error: format ‘%u’ expects argument of type ‘unsigned int *’, but argument 2 has type ‘int’ [-Werror=format=]
   82 |   scanf("%u", p->edad);
      |          ~^   ~~~~~~~
      |           |    |
      |           |    int
      |           unsigned int *
exercises.c:76:3: error: ignoring return value of ‘scanf’ declared with attribute ‘warn_unused_result’ [-Werror=unused-result]
   76 |   scanf("%29[^\n]s", tempnombre);
      |   ^~~~~~~~~~~~~~~~~~~~~~~~~~~~~~
exercises.c:79:3: error: ignoring return value of ‘scanf’ declared with attribute ‘warn_unused_result’ [-Werror=unused-result]
   79 |   scanf("%10[^\n]s", temprut);
      |   ^~~~~~~~~~~~~~~~~~~~~~~~~~~
exercises.c:82:3: error: ignoring return value of ‘scanf’ declared with attribute ‘warn_unused_result’ [-Werror=unused-result]
   82 |   scanf("%u", p->edad);
      |   ^~~~~~~~~~~~~~~~~~~~
cc1: all warnings being treated as errors
Compilation failed
374dbe0
Fri 17 Mar 2023 06:21:40 PM UTC: 
 exercises.c | 2 +-
 1 file changed, 1 insertion(+), 1 deletion(-)
In file included from test.c:5:
exercises.c: In function ‘crearPersona’:
exercises.c:82:17: error: ‘p’ is a pointer; did you mean to use ‘->’?
   82 |   scanf("%u", &p.edad);
      |                 ^
      |                 ->
exercises.c:76:3: error: ignoring return value of ‘scanf’ declared with attribute ‘warn_unused_result’ [-Werror=unused-result]
   76 |   scanf("%29[^\n]s", tempnombre);
      |   ^~~~~~~~~~~~~~~~~~~~~~~~~~~~~~
exercises.c:79:3: error: ignoring return value of ‘scanf’ declared with attribute ‘warn_unused_result’ [-Werror=unused-result]
   79 |   scanf("%10[^\n]s", temprut);
      |   ^~~~~~~~~~~~~~~~~~~~~~~~~~~
cc1: all warnings being treated as errors
Compilation failed
2984c1b
Fri 17 Mar 2023 06:23:35 PM UTC: 
 exercises.c | 4 +++-
 1 file changed, 3 insertions(+), 1 deletion(-)
In file included from test.c:5:
exercises.c: In function ‘crearPersona’:
exercises.c:71:14: error: unused variable ‘p’ [-Werror=unused-variable]
   71 |    Persona * p = (Persona *) malloc(sizeof(Persona));
      |              ^
exercises.c:87:1: error: control reaches end of non-void function [-Werror=return-type]
   87 | }
      | ^
cc1: all warnings being treated as errors
Compilation failed
4466c53
Fri 17 Mar 2023 06:24:14 PM UTC: 
 exercises.c | 9 +++++----
 1 file changed, 5 insertions(+), 4 deletions(-)
In file included from test.c:5:
exercises.c:91:11: error: expected ‘=’, ‘,’, ‘;’, ‘asm’ or ‘__attribute__’ before numeric constant
   91 | Ejercicio 4.
      |           ^~
exercises.c:94:25: error: stray ‘`’ in program
   94 | un vector con capacidad `n`, reserva la memoria
      |                         ^
exercises.c:94:27: error: stray ‘`’ in program
   94 | un vector con capacidad `n`, reserva la memoria
      |                           ^
exercises.c:95:37: error: stray ‘`’ in program
   95 | correspondiente para el arreglo con `n` datos
      |                                     ^
exercises.c:95:39: error: stray ‘`’ in program
   95 | correspondiente para el arreglo con `n` datos
      |                                       ^
exercises.c:101:3: error: data definition has no type or storage class [-Werror]
  101 | } Vector;
      |   ^~~~~~
exercises.c:101:3: error: type defaults to ‘int’ in declaration of ‘Vector’ [-Werror=implicit-int]
exercises.c:103:1: error: unknown type name ‘Vector’
  103 | Vector * crearVector(int n) {
      | ^~~~~~
exercises.c: In function ‘crearVector’:
exercises.c:105:11: error: ‘vector’ undeclared (first use in this function); did you mean ‘Vector’?
  105 |   Vector *vector = NULL;
      |           ^~~~~~
      |           Vector
exercises.c:105:11: note: each undeclared identifier is reported only once for each function it appears in
exercises.c:106:20: error: expected expression before ‘)’ token
  106 |   vector = (Vector*) malloc (n * sizeof(Vector));
      |                    ^
exercises.c: At top level:
exercises.c:116:19: error: expected declaration specifiers or ‘...’ before ‘Vector’
  116 | void asignarValor(Vector * v, int i, int valor) {
      |                   ^~~~~~
exercises.c:127:18: error: expected declaration specifiers or ‘...’ before ‘Vector’
  127 | int obtenerValor(Vector * v, int i) {
      |                  ^~~~~~
exercises.c:137:12: error: expected declaration specifiers or ‘...’ before ‘Vector’
  137 | void sumaV(Vector * a, Vector * b, Vector * c) {
      |            ^~~~~~
exercises.c:137:24: error: expected declaration specifiers or ‘...’ before ‘Vector’
  137 | void sumaV(Vector * a, Vector * b, Vector * c) {
      |                        ^~~~~~
exercises.c:137:36: error: expected declaration specifiers or ‘...’ before ‘Vector’
  137 | void sumaV(Vector * a, Vector * b, Vector * c) {
      |                                    ^~~~~~
exercises.c:152:45: error: expected declaration specifiers or ‘...’ before ‘Vector’
  152 | void sumaV2(int a1, int a2, int b1, int b2, Vector *c){
      |                                             ^~~~~~
test.c: In function ‘test_creaP’:
test.c:112:16: error: implicit declaration of function ‘crearPersona’ [-Werror=implicit-function-declaration]
  112 |     Persona* p=crearPersona(nombre, "15489XXX-2", edad);
      |                ^~~~~~~~~~~~
test.c:112:16: error: initialization of ‘Persona *’ from ‘int’ makes pointer from integer without a cast [-Werror=int-conversion]
test.c: In function ‘test_creaV’:
test.c:140:13: error: ‘v’ undeclared (first use in this function)
  140 |     Vector *v = crearVector(size);
      |             ^
test.c: In function ‘test_asignarObtenerValor’:
test.c:164:13: error: ‘v’ undeclared (first use in this function)
  164 |     Vector *v = (Vector*)malloc(sizeof(Vector));
      |             ^
test.c:164:25: error: expected expression before ‘)’ token
  164 |     Vector *v = (Vector*)malloc(sizeof(Vector));
      |                         ^
test.c:167:5: error: implicit declaration of function ‘asignarValor’ [-Werror=implicit-function-declaration]
  167 |     asignarValor(v, 0, a);
      |     ^~~~~~~~~~~~
test.c:171:13: error: implicit declaration of function ‘obtenerValor’ [-Werror=implicit-function-declaration]
  171 |     int val=obtenerValor(v,0);
      |             ^~~~~~~~~~~~
test.c: In function ‘test_sumaV’:
test.c:197:13: error: ‘v1’ undeclared (first use in this function); did you mean ‘y1’?
  197 |     Vector *v1 = (Vector*)malloc(sizeof(Vector));
      |             ^~
      |             y1
test.c:197:26: error: expected expression before ‘)’ token
  197 |     Vector *v1 = (Vector*)malloc(sizeof(Vector));
      |                          ^
test.c:207:13: error: ‘v2’ undeclared (first use in this function)
  207 |     Vector *v2 = (Vector*)malloc(sizeof(Vector));
      |             ^~
test.c:207:26: error: expected expression before ‘)’ token
  207 |     Vector *v2 = (Vector*)malloc(sizeof(Vector));
      |                          ^
test.c:214:13: error: ‘v3’ undeclared (first use in this function)
  214 |     Vector *v3 = (Vector*)malloc(sizeof(Vector));
      |             ^~
test.c:214:26: error: expected expression before ‘)’ token
  214 |     Vector *v3 = (Vector*)malloc(sizeof(Vector));
      |                          ^
test.c:218:5: error: implicit declaration of function ‘sumaV’ [-Werror=implicit-function-declaration]
  218 |     sumaV(v1, v2, v3);
      |     ^~~~~
test.c: In function ‘test_sumaV2’:
test.c:232:13: error: ‘c’ undeclared (first use in this function)
  232 |     Vector *c = (Vector*)malloc(sizeof(Vector));
      |             ^
test.c:232:25: error: expected expression before ‘)’ token
  232 |     Vector *c = (Vector*)malloc(sizeof(Vector));
      |                         ^
test.c:238:5: error: implicit declaration of function ‘sumaV2’ [-Werror=implicit-function-declaration]
  238 |     sumaV2(a1,a2,b1,b2,c);
      |     ^~~~~~
In file included from test.c:5:
exercises.c: In function ‘crearVector’:
exercises.c:109:1: error: control reaches end of non-void function [-Werror=return-type]
  109 | }
      | ^
cc1: all warnings being treated as errors
Compilation failed
83d2234
Fri 17 Mar 2023 06:24:37 PM UTC: 
 exercises.c | 4 ++--
 1 file changed, 2 insertions(+), 2 deletions(-)
test.c: In function ‘test_creaP’:
test.c:112:16: error: implicit declaration of function ‘crearPersona’ [-Werror=implicit-function-declaration]
  112 |     Persona* p=crearPersona(nombre, "15489XXX-2", edad);
      |                ^~~~~~~~~~~~
test.c:112:16: error: initialization of ‘Persona *’ from ‘int’ makes pointer from integer without a cast [-Werror=int-conversion]
cc1: all warnings being treated as errors
Compilation failed
dba123f
Fri 17 Mar 2023 06:25:56 PM UTC: 
 exercises.c | 2 +-
 1 file changed, 1 insertion(+), 1 deletion(-)
In file included from test.c:5:
exercises.c:88:2: error: expected identifier or ‘(’ before ‘/’ token
   88 | */
      |  ^
exercises.c:101:3: error: data definition has no type or storage class [-Werror]
  101 | } Vector;
      |   ^~~~~~
exercises.c:101:3: error: type defaults to ‘int’ in declaration of ‘Vector’ [-Werror=implicit-int]
exercises.c:103:1: error: unknown type name ‘Vector’
  103 | Vector * crearVector(int n) {
      | ^~~~~~
exercises.c: In function ‘crearVector’:
exercises.c:105:11: error: ‘vector’ undeclared (first use in this function); did you mean ‘Vector’?
  105 |   Vector *vector = NULL;
      |           ^~~~~~
      |           Vector
exercises.c:105:11: note: each undeclared identifier is reported only once for each function it appears in
exercises.c:106:20: error: expected expression before ‘)’ token
  106 |   vector = (Vector*) malloc (n * sizeof(Vector));
      |                    ^
exercises.c: At top level:
exercises.c:116:19: error: expected declaration specifiers or ‘...’ before ‘Vector’
  116 | void asignarValor(Vector * v, int i, int valor) {
      |                   ^~~~~~
exercises.c:127:18: error: expected declaration specifiers or ‘...’ before ‘Vector’
  127 | int obtenerValor(Vector * v, int i) {
      |                  ^~~~~~
exercises.c:137:12: error: expected declaration specifiers or ‘...’ before ‘Vector’
  137 | void sumaV(Vector * a, Vector * b, Vector * c) {
      |            ^~~~~~
exercises.c:137:24: error: expected declaration specifiers or ‘...’ before ‘Vector’
  137 | void sumaV(Vector * a, Vector * b, Vector * c) {
      |                        ^~~~~~
exercises.c:137:36: error: expected declaration specifiers or ‘...’ before ‘Vector’
  137 | void sumaV(Vector * a, Vector * b, Vector * c) {
      |                                    ^~~~~~
exercises.c:152:45: error: expected declaration specifiers or ‘...’ before ‘Vector’
  152 | void sumaV2(int a1, int a2, int b1, int b2, Vector *c){
      |                                             ^~~~~~
test.c: In function ‘test_creaV’:
test.c:140:13: error: ‘v’ undeclared (first use in this function)
  140 |     Vector *v = crearVector(size);
      |             ^
test.c: In function ‘test_asignarObtenerValor’:
test.c:164:13: error: ‘v’ undeclared (first use in this function)
  164 |     Vector *v = (Vector*)malloc(sizeof(Vector));
      |             ^
test.c:164:25: error: expected expression before ‘)’ token
  164 |     Vector *v = (Vector*)malloc(sizeof(Vector));
      |                         ^
test.c:167:5: error: implicit declaration of function ‘asignarValor’ [-Werror=implicit-function-declaration]
  167 |     asignarValor(v, 0, a);
      |     ^~~~~~~~~~~~
test.c:171:13: error: implicit declaration of function ‘obtenerValor’ [-Werror=implicit-function-declaration]
  171 |     int val=obtenerValor(v,0);
      |             ^~~~~~~~~~~~
test.c: In function ‘test_sumaV’:
test.c:197:13: error: ‘v1’ undeclared (first use in this function); did you mean ‘y1’?
  197 |     Vector *v1 = (Vector*)malloc(sizeof(Vector));
      |             ^~
      |             y1
test.c:197:26: error: expected expression before ‘)’ token
  197 |     Vector *v1 = (Vector*)malloc(sizeof(Vector));
      |                          ^
test.c:207:13: error: ‘v2’ undeclared (first use in this function)
  207 |     Vector *v2 = (Vector*)malloc(sizeof(Vector));
      |             ^~
test.c:207:26: error: expected expression before ‘)’ token
  207 |     Vector *v2 = (Vector*)malloc(sizeof(Vector));
      |                          ^
test.c:214:13: error: ‘v3’ undeclared (first use in this function)
  214 |     Vector *v3 = (Vector*)malloc(sizeof(Vector));
      |             ^~
test.c:214:26: error: expected expression before ‘)’ token
  214 |     Vector *v3 = (Vector*)malloc(sizeof(Vector));
      |                          ^
test.c:218:5: error: implicit declaration of function ‘sumaV’ [-Werror=implicit-function-declaration]
  218 |     sumaV(v1, v2, v3);
      |     ^~~~~
test.c: In function ‘test_sumaV2’:
test.c:232:13: error: ‘c’ undeclared (first use in this function)
  232 |     Vector *c = (Vector*)malloc(sizeof(Vector));
      |             ^
test.c:232:25: error: expected expression before ‘)’ token
  232 |     Vector *c = (Vector*)malloc(sizeof(Vector));
      |                         ^
test.c:238:5: error: implicit declaration of function ‘sumaV2’ [-Werror=implicit-function-declaration]
  238 |     sumaV2(a1,a2,b1,b2,c);
      |     ^~~~~~
In file included from test.c:5:
exercises.c: In function ‘crearPersona’:
exercises.c:77:3: error: ignoring return value of ‘scanf’ declared with attribute ‘warn_unused_result’ [-Werror=unused-result]
   77 |   scanf("%29[^\n]s", tempnombre);
      |   ^~~~~~~~~~~~~~~~~~~~~~~~~~~~~~
exercises.c:80:3: error: ignoring return value of ‘scanf’ declared with attribute ‘warn_unused_result’ [-Werror=unused-result]
   80 |   scanf("%10[^\n]s", temprut);
      |   ^~~~~~~~~~~~~~~~~~~~~~~~~~~
exercises.c:83:3: error: ignoring return value of ‘scanf’ declared with attribute ‘warn_unused_result’ [-Werror=unused-result]
   83 |   scanf("%u", &p->edad);
      |   ^~~~~~~~~~~~~~~~~~~~~
exercises.c: In function ‘crearVector’:
exercises.c:109:1: error: control reaches end of non-void function [-Werror=return-type]
  109 | }
      | ^
cc1: all warnings being treated as errors
Compilation failed
a7a4c20
Fri 17 Mar 2023 06:26:31 PM UTC: 
 exercises.c | 2 +-
 1 file changed, 1 insertion(+), 1 deletion(-)
In file included from test.c:5:
exercises.c: In function ‘crearPersona’:
exercises.c:77:3: error: ignoring return value of ‘scanf’ declared with attribute ‘warn_unused_result’ [-Werror=unused-result]
   77 |   scanf("%29[^\n]s", tempnombre);
      |   ^~~~~~~~~~~~~~~~~~~~~~~~~~~~~~
exercises.c:80:3: error: ignoring return value of ‘scanf’ declared with attribute ‘warn_unused_result’ [-Werror=unused-result]
   80 |   scanf("%10[^\n]s", temprut);
      |   ^~~~~~~~~~~~~~~~~~~~~~~~~~~
exercises.c:83:3: error: ignoring return value of ‘scanf’ declared with attribute ‘warn_unused_result’ [-Werror=unused-result]
   83 |   scanf("%u", &p->edad);
      |   ^~~~~~~~~~~~~~~~~~~~~
cc1: all warnings being treated as errors
Compilation failed
a9a91fb
Fri 17 Mar 2023 06:28:46 PM UTC: 
 exercises.c | 13 +++----------
 1 file changed, 3 insertions(+), 10 deletions(-)
 tests:  0|0
8356791
Fri 17 Mar 2023 06:32:04 PM UTC: 
 exercises.c | 8 ++++----
 1 file changed, 4 insertions(+), 4 deletions(-)
 tests:  0|0
e7b5d37
Fri 17 Mar 2023 06:39:25 PM UTC: 
 exercises.c | 3 ++-
 1 file changed, 2 insertions(+), 1 deletion(-)
 tests:  0|0
0819b44
Fri 17 Mar 2023 06:41:42 PM UTC: 
 exercises.c | 2 +-
 1 file changed, 1 insertion(+), 1 deletion(-)
In file included from test.c:5:
test.c: In function ‘crearVector’:
exercises.c:99:12: error: ‘v’ is used uninitialized [-Werror=uninitialized]
   99 |   v->datos = NULL;
      |            ^
cc1: all warnings being treated as errors
Compilation failed
188a5d0
Fri 17 Mar 2023 06:42:11 PM UTC: 
 exercises.c | 2 +-
 1 file changed, 1 insertion(+), 1 deletion(-)
 tests:  0|0
35c0d76
Fri 17 Mar 2023 06:46:37 PM UTC: 
 exercises.c | 5 +++--
 1 file changed, 3 insertions(+), 2 deletions(-)
 tests:  0|0
4d18dba
Fri 17 Mar 2023 08:34:42 PM UTC: 
 exercises.c | 2 +-
 1 file changed, 1 insertion(+), 1 deletion(-)
 tests:  0|0
92c2ae0
Fri 17 Mar 2023 08:35:19 PM UTC: 
 exercises.c | 2 +-
 1 file changed, 1 insertion(+), 1 deletion(-)
 tests:  0|0
e681b91
Fri 17 Mar 2023 08:36:00 PM UTC: 
 exercises.c | 3 +--
 1 file changed, 1 insertion(+), 2 deletions(-)
 tests:  0|0
75ec8fb
Fri 17 Mar 2023 08:36:58 PM UTC: 
 exercises.c | 2 +-
 1 file changed, 1 insertion(+), 1 deletion(-)
 tests:  7|1
total_score: 60/70
8f34d5e
Fri 17 Mar 2023 08:54:38 PM UTC: 
 exercises.c | 5 +++++
 1 file changed, 5 insertions(+)
In file included from test.c:5:
exercises.c: In function ‘sumaV2’:
exercises.c:147:24: error: ‘a’ undeclared (first use in this function)
  147 |   for (int i = 0 ; i < a[i].capacidad ; i++)
      |                        ^
exercises.c:147:24: note: each undeclared identifier is reported only once for each function it appears in
Compilation failed
f69f0f8
Fri 17 Mar 2023 08:54:53 PM UTC: 
 exercises.c | 6 ++----
 1 file changed, 2 insertions(+), 4 deletions(-)
 tests:  7|1
total_score: 60/70
3b47a4d
Fri 17 Mar 2023 08:59:27 PM UTC: 
 exercises.c | 3 ++-
 1 file changed, 2 insertions(+), 1 deletion(-)
 tests:  7|1
total_score: 60/70
c792114
Fri 17 Mar 2023 09:41:42 PM UTC: 
 exercises.c | 4 ++--
 1 file changed, 2 insertions(+), 2 deletions(-)
 tests:  7|1
total_score: 60/70
5e81444
Fri 17 Mar 2023 09:42:12 PM UTC: 
 exercises.c | 4 ++--
 1 file changed, 2 insertions(+), 2 deletions(-)
 tests:  8|0
total_score: 70/70
a8aa0d6
Fri 17 Mar 2023 10:05:52 PM UTC: 
 exercises.c | 5 +++--
 1 file changed, 3 insertions(+), 2 deletions(-)
In file included from test.c:5:
exercises.c: In function ‘sumaV2’:
exercises.c:149:12: error: ‘i’ undeclared (first use in this function)
  149 |   c->datos[i] = (b2+a2);
      |            ^
exercises.c:149:12: note: each undeclared identifier is reported only once for each function it appears in
Compilation failed
d25c060
